error: User.findOne is not a function
error: User.findOne is not a function
error: signup is not defined
error: signup is not defined
error: User.findOne is not a function
error: User.findOne is not a function
error: hashPassword is not a function
error: hashPassword is not a function
error: hashPassword is not a function
error: hashPassword is not a function
error: hashPassword is not a function
error: hashPassword is not a function
error: hashPassword is not a function
error: jwt is not defined
error: Cannot read property 'id' of undefined
error: check_exist is not defined
error: Cannot read property 'id' of undefined
error: save is not defined
error: Walker is not defined
error: Unexpected token ' in JSON at position 1
error: Unexpected token 
 in JSON at position 2
error: Unexpected token u in JSON at position 0
error: Unexpected token 
 in JSON at position 2
error: Unexpected token u in JSON at position 0
error: Unexpected token 
 in JSON at position 2
error: Unexpected token 
 in JSON at position 2
error: Unexpected token 
 in JSON at position 2
error: Unexpected token 
 in JSON at position 2
error: Unexpected token u in JSON at position 0
error: Unexpected token u in JSON at position 0
error: Unexpected token u in JSON at position 0
error: Unexpected token u in JSON at position 0
error: Unexpected token 
 in JSON at position 2
error: Unexpected token 
 in JSON at position 2
error: Unexpected token 
 in JSON at position 2
